Time taken to read the files: 540 microseconds
Time taken by compute part of the function: 1623 microseconds
Function completed
Time taken by function: 1655 microseconds
Total time taken: 1655 microseconds
	Command being timed: "./main exp6/subexp2/hash32product.csv exp6/subexp2/hash32customer.csv tests_Q2/input_price.csv tests_Q2/input_groups.csv exp6/subexp2/hash32output.csv tests_Q2/output_price.csv exp6/subexp2/hash32 exp6/subexp2/hash32newhashtags.csv"
	User time (seconds): 0.00
	System time (seconds): 0.00
	Percent of CPU this job got: 80%
	Elapsed (wall clock) time (h:mm:ss or m:ss): 0:00.00
	Average shared text size (kbytes): 0
	Average unshared data size (kbytes): 0
	Average stack size (kbytes): 0
	Average total size (kbytes): 0
	Maximum resident set size (kbytes): 3564
	Average resident set size (kbytes): 0
	Major (requiring I/O) page faults: 0
	Minor (reclaiming a frame) page faults: 133
	Voluntary context switches: 1
	Involuntary context switches: 0
	Swaps: 0
	File system inputs: 0
	File system outputs: 8
	Socket messages sent: 0
	Socket messages received: 0
	Signals delivered: 0
	Page size (bytes): 4096
	Exit status: 0
